[debug] [2021-07-22T01:04:47.671Z] ----------------------------------------------------------------------
[debug] [2021-07-22T01:04:47.672Z] Command:       C:\Program Files\nodejs\node.exe C:\Program Files\nodejs\node_modules\firebase-tools\lib\bin\firebase.js init
[debug] [2021-07-22T01:04:47.672Z] CLI Version:   9.16.0
[debug] [2021-07-22T01:04:47.672Z] Platform:      win32
[debug] [2021-07-22T01:04:47.672Z] Node Version:  v14.15.0
[debug] [2021-07-22T01:04:47.673Z] Time:          Wed Jul 21 2021 22:04:47 GMT-0300 (Horário Padrão de Brasília)
[debug] [2021-07-22T01:04:47.673Z] ----------------------------------------------------------------------
[debug] 
[debug] [2021-07-22T01:04:47.678Z] > command requires scopes: ["email","openid","https://www.googleapis.com/auth/cloudplatformprojects.readonly","https://www.googleapis.com/auth/firebase","https://www.googleapis.com/auth/cloud-platform"]
[debug] [2021-07-22T01:04:47.678Z] > authorizing via signed-in user (ayltonalmeida2@gmail.com)
[info] 
     ######## #### ########  ######## ########     ###     ######  ########
     ##        ##  ##     ## ##       ##     ##  ##   ##  ##       ##
     ######    ##  ########  ######   ########  #########  ######  ######
     ##        ##  ##    ##  ##       ##     ## ##     ##       ## ##
     ##       #### ##     ## ######## ########  ##     ##  ######  ########

You're about to initialize a Firebase project in this directory:

  C:\Users\aylto\Code\Projects\School\GerenciaDeConfigDeSoftware\temp\web

[info] 
=== Project Setup
[info] 
[info] First, let's associate this project directory with a Firebase project.
[info] You can create multiple project aliases by running firebase use --add, 
[info] but for now we'll just set up a default project.
[info] 
[debug] [2021-07-22T01:05:07.050Z] ----------------------------------------------------------------------
[debug] [2021-07-22T01:05:07.051Z] Command:       C:\Program Files\nodejs\node.exe C:\Program Files\nodejs\node_modules\firebase-tools\lib\bin\firebase.js init
[debug] [2021-07-22T01:05:07.051Z] CLI Version:   9.16.0
[debug] [2021-07-22T01:05:07.051Z] Platform:      win32
[debug] [2021-07-22T01:05:07.051Z] Node Version:  v14.15.0
[debug] [2021-07-22T01:05:07.052Z] Time:          Wed Jul 21 2021 22:05:07 GMT-0300 (Horário Padrão de Brasília)
[debug] [2021-07-22T01:05:07.052Z] ----------------------------------------------------------------------
[debug] 
[debug] [2021-07-22T01:05:07.056Z] > command requires scopes: ["email","openid","https://www.googleapis.com/auth/cloudplatformprojects.readonly","https://www.googleapis.com/auth/firebase","https://www.googleapis.com/auth/cloud-platform"]
[debug] [2021-07-22T01:05:07.056Z] > authorizing via signed-in user (ayltonalmeida2@gmail.com)
[info] 
     ######## #### ########  ######## ########     ###     ######  ########
     ##        ##  ##     ## ##       ##     ##  ##   ##  ##       ##
     ######    ##  ########  ######   ########  #########  ######  ######
     ##        ##  ##    ##  ##       ##     ## ##     ##       ## ##
     ##       #### ##     ## ######## ########  ##     ##  ######  ########

You're about to initialize a Firebase project in this directory:

  C:\Users\aylto\Code\Projects\School\GerenciaDeConfigDeSoftware\temp\web

[info] 
=== Project Setup
[info] 
[info] First, let's associate this project directory with a Firebase project.
[info] You can create multiple project aliases by running firebase use --add, 
[info] but for now we'll just set up a default project.
[info] 
[debug] [2021-07-22T01:05:53.024Z] >>> [apiv2][query] GET https://firebase.googleapis.com/v1beta1/projects pageSize=100
[debug] [2021-07-22T01:05:54.139Z] <<< [apiv2][status] GET https://firebase.googleapis.com/v1beta1/projects 200
[debug] [2021-07-22T01:05:54.139Z] <<< [apiv2][body] GET https://firebase.googleapis.com/v1beta1/projects [omitted]
[info] i  Using project students-web-9aab1 (students-web) 
[info] 
=== Hosting Setup
[info] 
[info] Your public directory is the folder (relative to your project directory) that
[info] will contain Hosting assets to be uploaded with firebase deploy. If you
[info] have a build process for your assets, use your build's output directory.
[info] 
